<?xml version="1.0" encoding="UTF-8"?>
<robot generator="Robot 4.1.3 (Python 3.10.2 on darwin)" generated="20220309 13:48:03.545" rpa="false" schemaversion="2">
<suite id="s1" name="Testcase" source="/Users/makzibs/APITEST/testcases/testcase.robot">
<test id="s1-t1" name="Test_Case_Api">
<kw name="Create Session" library="RequestsLibrary">
<arg>get_student_detail</arg>
<arg>${Base_URL}</arg>
<doc>Create Session: create a HTTP session to a server</doc>
<msg timestamp="20220309 13:48:03.788" level="INFO">Creating Session using : alias=get_student_detail, url=http://thetestingworldapi.com/, headers={},                     cookies={}, auth=None, timeout=None, proxies=None, verify=False,                     debug=0 </msg>
<status status="PASS" starttime="20220309 13:48:03.788" endtime="20220309 13:48:03.788"/>
</kw>
<kw name="GET On Session" library="RequestsLibrary">
<var>${response}</var>
<arg>get_student_detail</arg>
<arg>api/studentsDetails</arg>
<doc>Sends a GET request on a previously created HTTP Session.</doc>
<msg timestamp="20220309 13:48:04.875" level="INFO">GET Request : url=http://thetestingworldapi.com/api/studentsDetails 
 path_url=/api/studentsDetails 
 headers={'User-Agent': 'python-requests/2.27.1', 'Accept-Encoding': 'gzip, deflate', 'Accept': '*/*', 'Connection': 'keep-alive'} 
 body=None 
 </msg>
<msg timestamp="20220309 13:48:04.875" level="INFO">GET Response : url=http://thetestingworldapi.com/api/studentsDetails 
 status=200, reason=OK 
 headers={'Cache-Control': 'no-cache', 'Pragma': 'no-cache', 'Content-Type': 'application/json; charset=utf-8', 'Expires': '-1', 'Server': 'Microsoft-IIS/8.5', 'X-AspNet-Version': '4.0.30319', 'X-Powered-By': 'ASP.NET', 'X-Powered-By-Plesk': 'PleskWin', 'Date': 'Wed, 09 Mar 2022 11:48:04 GMT', 'Content-Length': '12181'} 
 body=[{"id":1035122,"first_name":"{{fist_name}}","middle_name":"{{middle_name}}","last_name":"{{last_name}}","date_of_birth":"{{date_of_birth}}"},{"id":1035121,"first_name":"ground","middle_name":"zero","last_name":"fridman","date_of_birth":"10_2000"},{"id":1035120,"first_name":"{{fist_name}}","middle_name":"{{middle_name}}","last_name":"{{last_name}}","date_of_birth":"{{date_of_birth}}"},{"id":1035119,"first_name":"ruchika","middle_name":null,"last_name":null,"date_of_birth":null},{"id":1035118,"first_name":"ram","middle_name":"ravi","last_name":"sharma","date_of_birth":"test"},{"id":1035117,"first_name":"ram","middle_name":"ravi","last_name":"sharma","date_of_birth":"test"},{"id":1035116,"first_name":"ram","middle_name":"ravi","last_name":"sharma","date_of_birth":"test"},{"id":1035115,"first_name":"ram","middle_name":"ravi","last_name":"sharma","date_of_birth":"test"},{"id":1035114,"first_name":"ram","middle_name":"ravi","last_name":"sharma","date_of_birth":"test"},{"id":1035113,"first_name":"ram","middle_name":"ravi","last_name":"sharma","date_of_birth":"test"},{"id":1035112,"first_name":"ram","middle_name":"ravi","last_name":"sharma","date_of_birth":"test"},{"id":1035111,"first_name":"ram","middle_name":"ravi","last_name":"sharma","date_of_birth":"test"},{"id":1035110,"first_name":"{{fist_name}}","middle_name":"{{middle_name}}","last_name":"{{last_name}}","date_of_birth":"{{date_of_birth}}"},{"id":1035109,"first_name":"{{fist_name}}","middle_name":"{{middle_name}}","last_name":"{{last_name}}","date_of_birth":"{{date_of_birth}}"},{"id":1035108,"first_name":"Lior","middle_name":"Katz","last_name":"jjj","date_of_birth":"10_11"},{"id":1035107,"first_name":"ram","middle_name":"ravi","last_name":"sharma","date_of_birth":"test"},{"id":1035106,"first_name":"Testing","middle_name":"A","last_name":"World","date_of_birth":"12/12/1990"},{"id":1035105,"first_name":"{{fist_name}}","middle_name":"{{middle_name}}","last_name":"{{last_name}}","date_of_birth":"{{date_of_birth}}"},{"id":1035104,"first_name":"Testing","middle_name":"A","last_name":"World","date_of_birth":"12/12/1990"},{"id":1035103,"first_name":"ram","middle_name":"ravi","last_name":"sharma","date_of_birth":"test"},{"id":1035102,"first_name":"ram","middle_name":"ravi","last_name":"sharma","date_of_birth":"test"},{"id":1035101,"first_name":"ram","middle_name":"ravi","last_name":"sharma","date_of_birth":"test"},{"id":1035100,"first_name":"TestingFirst","middle_name":"TestMiddle","last_name":"Testing_Last","date_of_birth":"10/10/2000"},{"id":1035096,"first_name":null,"middle_name":null,"last_name":null,"date_of_birth":null},{"id":1035095,"first_name":"{{fist_name}}","middle_name":"{{middle_name}}","last_name":"{{last_name}}","date_of_birth":"{{date_of_birth}}"},{"id":1035094,"first_name":"{{fist_name}}","middle_name":"{{middle_name}}","last_name":"{{last_name}}","date_of_birth":"{{date_of_birth}}"},{"id":1035093,"first_name":"{{fist_name}}","middle_name":"{{middle_name}}","last_name":"{{last_name}}","date_of_birth":"{{date_of_birth}}"},{"id":1035092,"first_name":"{{fist_name}}","middle_name":"{{middle_name}}","last_name":"{{last_name}}","date_of_birth":"{{date_of_birth}}"},{"id":1035091,"first_name":"{{fist_name}}","middle_name":"{{middle_name}}","last_name":"{{last_name}}","date_of_birth":"{{date_of_birth}}"},{"id":1035090,"first_name":"testing","middle_name":"M","last_name":"World","date_of_birth":"12/12/2000"},{"id":1035089,"first_name":"testing","middle_name":"M","last_name":"World","date_of_birth":"12/12/2000"},{"id":1035088,"first_name":"testing","middle_name":"M","last_name":"World","date_of_birth":"12/12/2000"},{"id":1035087,"first_name":"testing","middle_name":"M","last_name":"World","date_of_birth":"12/12/2000"},{"id":1035086,"first_name":"{{fist_name}}","middle_name":"{{middle_name}}","last_name":"{{last_name}}","date_of_birth":"{{date_of_birth}}"},{"id":1035085,"first_name":"testing","middle_name":"M","last_name":"World","date_of_birth":"12/12/2000"},{"id":1035083,"first_name":"testing","middle_name":"M","last_name":"World","date_of_birth":"12/12/2000"},{"id":1035082,"first_name":"testing","middle_name":"M","last_name":"World","date_of_birth":"12/12/2000"},{"id":1035081,"first_name":"testing","middle_name":"M","last_name":"World","date_of_birth":"12/12/2000"},{"id":1035080,"first_name":"testing","middle_name":"M","last_name":"World","date_of_birth":"12/12/2000"},{"id":1035079,"first_name":"testing","middle_name":"M","last_name":"World","date_of_birth":"12/12/2000"},{"id":1035078,"first_name":"testing","middle_name":"M","last_name":"World","date_of_birth":"12/12/2000"},{"id":1035077,"first_name":"testing","middle_name":"M","last_name":"World","date_of_birth":"12/12/2000"},{"id":1035076,"first_name":"testing","middle_name":"M","last_name":"World","date_of_birth":"12/12/2000"},{"id":1035075,"first_name":"testing","middle_name":"M","last_name":"World","date_of_birth":"12/12/2000"},{"id":1035074,"first_name":"testing","middle_name":"M","last_name":"World","date_of_birth":"12/12/2000"},{"id":1035073,"first_name":"testing","middle_name":"M","last_name":"World","date_of_birth":"12/12/2000"},{"id":1035072,"first_name":"testing","middle_name":"M","last_name":"World","date_of_birth":"12/12/2000"},{"id":1035071,"first_name":"testing","middle_name":"M","last_name":"World","date_of_birth":"12/12/2000"},{"id":1035070,"first_name":"testing","middle_name":"M","last_name":"World","date_of_birth":"12/12/2000"},{"id":1035069,"first_name":"sample string 1","middle_name":"sample string 2","last_name":"sample string 3","date_of_birth":"sample string 4"},{"id":1035068,"first_name":"sample string 1","middle_name":"sample string 2","last_name":"sample string 3","date_of_birth":"sample string 4"},{"id":1035067,"first_name":"Fname1","middle_name":"Mname1","last_name":"LName1","date_of_birth":"12/12/1990"},{"id":1035066,"first_name":"Fname1","middle_name":"Mname1","last_name":"LName1","date_of_birth":"12/12/1990"},{"id":1035065,"first_name":"testing","middle_name":"M","last_name":"World","date_of_birth":"12/12/2000"},{"id":1035064,"first_name":"testing","middle_name":"M","last_name":"World","date_of_birth":"12/12/2000"},{"id":1035063,"first_name":"testing","middle_name":"M","last_name":"World","date_of_birth":"12/12/2000"},{"id":1035062,"first_name":"{{fist_name}}","middle_name":"{{middle_name}}","last_name":"{{last_name}}","date_of_birth":"{{date_of_birth}}"},{"id":1035061,"first_name":"testing","middle_name":"M","last_name":"World","date_of_birth":"12/12/2000"},{"id":1035060,"first_name":"testing","middle_name":"M","last_name":"World","date_of_birth":"12/12/2000"},{"id":1035059,"first_name":"testing","middle_name":"M","last_name":"World","date_of_birth":"12/12/2000"},{"id":1035058,"first_name":"testing","middle_name":"M","last_name":"World","date_of_birth":"12/12/2000"},{"id":1035057,"first_name":"testing","middle_name":"M","last_name":"World","date_of_birth":"12/12/2000"},{"id":1035056,"first_name":"testing","middle_name":"M","last_name":"World","date_of_birth":"12/12/2000"},{"id":1035055,"first_name":"testing","middle_name":"M","last_name":"World","date_of_birth":"12/12/2000"},{"id":1035054,"first_name":"testing","middle_name":"M","last_name":"World","date_of_birth":"12/12/2000"},{"id":1035053,"first_name":"testing","middle_name":"M","last_name":"World","date_of_birth":"12/12/2000"},{"id":1035052,"first_name":"sample string 1","middle_name":"sample string 2","last_name":"sample string 3","date_of_birth":"sample string 4"},{"id":1035051,"first_name":"sample string 1","middle_name":"sample string 2","last_name":"sample string 3","date_of_birth":"sample string 4"},{"id":1035050,"first_name":"sample string 1","middle_name":"sample string 2","last_name":"sample string 3","date_of_birth":"sample string 4"},{"id":1035049,"first_name":"sample string 1","middle_name":"sample string 2","last_name":"sample string 3","date_of_birth":"sample string 4"},{"id":1035048,"first_name":"sample string 1","middle_name":"sample string 2","last_name":"sample string 3","date_of_birth":"sample string 4"},{"id":1035047,"first_name":"sample string 1","middle_name":"sample string 2","last_name":"sample string 3","date_of_birth":"sample string 4"},{"id":1035046,"first_name":"sample string 1","middle_name":"sample string 2","last_name":"sample string 3","date_of_birth":"sample string 4"},{"id":1035045,"first_name":"sample string 1","middle_name":"sample string 2","last_name":"sample string 3","date_of_birth":"sample string 4"},{"id":1035044,"first_name":"sample string 1","middle_name":"sample string 2","last_name":"sample string 3","date_of_birth":"sample string 4"},{"id":1035043,"first_name":"sample string 1","middle_name":"sample string 2","last_name":"sample string 3","date_of_birth":"sample string 4"},{"id":1035042,"first_name":"sample string 1","middle_name":"sample string 2","last_name":"sample string 3","date_of_birth":"sample string 4"},{"id":1035041,"first_name":"sample string 1","middle_name":"sample string 2","last_name":"sample string 3","date_of_birth":"sample string 4"},{"id":1035040,"first_name":"sample string 1","middle_name":"sample string 2","last_name":"sample string 3","date_of_birth":"sample string 4"},{"id":1035039,"first_name":"sample string 1","middle_name":"sample string 2","last_name":"sample string 3","date_of_birth":"sample string 4"},{"id":1035038,"first_name":"sample string 1","middle_name":"sample string 2","last_name":"sample string 3","date_of_birth":"sample string 4"},{"id":1035037,"first_name":"sample string 1","middle_name":"sample string 2","last_name":"sample string 3","date_of_birth":"sample string 4"},{"id":1035036,"first_name":"sample string 1","middle_name":"sample string 2","last_name":"sample string 3","date_of_birth":"sample string 4"},{"id":1035035,"first_name":"sample string 1","middle_name":"sample string 2","last_name":"sample string 3","date_of_birth":"sample string 4"},{"id":1035034,"first_name":"sample string 1","middle_name":"sample string 2","last_name":"s... (set the log level to DEBUG or TRACE to see the full content) 
 </msg>
<msg timestamp="20220309 13:48:04.876" level="INFO">${response} = &lt;Response [200]&gt;</msg>
<status status="PASS" starttime="20220309 13:48:03.788" endtime="20220309 13:48:04.876"/>
</kw>
<kw name="Log To Console" library="BuiltIn">
<arg>${response}</arg>
<doc>Logs the given message to the console.</doc>
<status status="PASS" starttime="20220309 13:48:04.876" endtime="20220309 13:48:04.876"/>
</kw>
<kw name="Convert To String" library="BuiltIn">
<var>${code}</var>
<arg>${response.status_code}</arg>
<doc>Converts the given item to a Unicode string.</doc>
<msg timestamp="20220309 13:48:04.877" level="INFO">${code} = 200</msg>
<status status="PASS" starttime="20220309 13:48:04.877" endtime="20220309 13:48:04.877"/>
</kw>
<kw name="Log To Console" library="BuiltIn">
<arg>${code}</arg>
<doc>Logs the given message to the console.</doc>
<status status="PASS" starttime="20220309 13:48:04.878" endtime="20220309 13:48:04.878"/>
</kw>
<kw name="Should Be Equal" library="BuiltIn">
<arg>${code}</arg>
<arg>300</arg>
<doc>Fails if the given objects are unequal.</doc>
<msg timestamp="20220309 13:48:04.879" level="FAIL">200 != 300</msg>
<status status="FAIL" starttime="20220309 13:48:04.878" endtime="20220309 13:48:04.879"/>
</kw>
<status status="FAIL" starttime="20220309 13:48:03.787" endtime="20220309 13:48:04.879">200 != 300</status>
</test>
<status status="FAIL" starttime="20220309 13:48:03.548" endtime="20220309 13:48:04.880"/>
</suite>
<statistics>
<total>
<stat pass="0" fail="1" skip="0">All Tests</stat>
</total>
<tag>
</tag>
<suite>
<stat pass="0" fail="1" skip="0" id="s1" name="Testcase">Testcase</stat>
</suite>
</statistics>
<errors>
</errors>
</robot>
